The system is: Windows - 10.0.22623 - AMD64
Compiling the C compiler identification source file "CMakeCCompilerId.c" succeeded.
Compiler: D:/Microsoft Visual Studio/2022/Enterprise/VC/Tools/MSVC/14.35.32124/bin/Hostx64/x64/cl.exe 
Build flags: 
Id flags:  

The output was:
0
用于 x64 的 Microsoft (R) C/C++ 优化编译器 19.35.32124 版
版权所有(C) Microsoft Corporation。保留所有权利。

CMakeCCompilerId.c
Microsoft (R) Incremental Linker Version 14.35.32124.0
Copyright (C) Microsoft Corporation.  All rights reserved.

/out:CMakeCCompilerId.exe 
CMakeCCompilerId.obj 


Compilation of the C compiler identification source "CMakeCCompilerId.c" produced "CMakeCCompilerId.exe"

Compilation of the C compiler identification source "CMakeCCompilerId.c" produced "CMakeCCompilerId.obj"

The C compiler identification is MSVC, found in "D:/CLionProjects/Fushi/cmake-build-debug/CMakeFiles/3.24.2/CompilerIdC/CMakeCCompilerId.exe"

Compiling the CXX compiler identification source file "CMakeCXXCompilerId.cpp" succeeded.
Compiler: D:/Microsoft Visual Studio/2022/Enterprise/VC/Tools/MSVC/14.35.32124/bin/Hostx64/x64/cl.exe 
Build flags: 
Id flags:  

The output was:
0
用于 x64 的 Microsoft (R) C/C++ 优化编译器 19.35.32124 版
版权所有(C) Microsoft Corporation。保留所有权利。

CMakeCXXCompilerId.cpp
Microsoft (R) Incremental Linker Version 14.35.32124.0
Copyright (C) Microsoft Corporation.  All rights reserved.

/out:CMakeCXXCompilerId.exe 
CMakeCXXCompilerId.obj 


Compilation of the CXX compiler identification source "CMakeCXXCompilerId.cpp" produced "CMakeCXXCompilerId.exe"

Compilation of the CXX compiler identification source "CMakeCXXCompilerId.cpp" produced "CMakeCXXCompilerId.obj"

The CXX compiler identification is MSVC, found in "D:/CLionProjects/Fushi/cmake-build-debug/CMakeFiles/3.24.2/CompilerIdCXX/CMakeCXXCompilerId.exe"

Detecting C compiler ABI info compiled with the following output:
Change Dir: D:/CLionProjects/Fushi/cmake-build-debug/CMakeFiles/CMakeTmp

Run Build Command(s):D:/JetBrains/Toolbox/apps/CLion/ch-0/231.5920.6/bin/ninja/win/x64/ninja.exe cmTC_3c3f0 && [1/2] Building C object CMakeFiles\cmTC_3c3f0.dir\CMakeCCompilerABI.c.obj
[2/2] Linking C executable cmTC_3c3f0.exe



Detecting CXX compiler ABI info compiled with the following output:
Change Dir: D:/CLionProjects/Fushi/cmake-build-debug/CMakeFiles/CMakeTmp

Run Build Command(s):D:/JetBrains/Toolbox/apps/CLion/ch-0/231.5920.6/bin/ninja/win/x64/ninja.exe cmTC_bf772 && [1/2] Building CXX object CMakeFiles\cmTC_bf772.dir\CMakeCXXCompilerABI.cpp.obj
[2/2] Linking CXX executable cmTC_bf772.exe



